-------------------------------------------------------------------------------
Test set: com.empiricism.lnd.simple.SimpleMathTest
-------------------------------------------------------------------------------
Tests run: 3, Failures: 0, Errors: 1, Skipped: 0, Time elapsed: 0.056 s <<< FAILURE! -- in com.empiricism.lnd.simple.SimpleMathTest
com.empiricism.lnd.simple.SimpleMathTest.testDiv(double, double) -- Time elapsed: 0.006 s <<< ERROR!
org.junit.jupiter.api.extension.ParameterResolutionException: No ParameterResolver registered for parameter [double arg0] in method [void com.empiricism.lnd.simple.SimpleMathTest.testDiv(double,double)].
	at java.base/java.util.ArrayList.forEach(ArrayList.java:1596)
	at java.base/java.util.ArrayList.forEach(ArrayList.java:1596)

